<?xml version="1.0" encoding="UTF-8"?>
<testsuite name="model.CourseTest" tests="4" skipped="0" failures="0" errors="0" timestamp="2025-03-30T21:36:11" hostname="Saumyas-MBP" time="0.007">
  <properties/>
  <testcase name="testToString()" classname="model.CourseTest" time="0.004"/>
  <testcase name="testCourseCreation()" classname="model.CourseTest" time="0.001"/>
  <testcase name="testHashCode()" classname="model.CourseTest" time="0.0"/>
  <testcase name="testEquals()" classname="model.CourseTest" time="0.0"/>
  <system-out><![CDATA[]]></system-out>
  <system-err><![CDATA[]]></system-err>
</testsuite>
