<?xml version="1.0" encoding="UTF-8"?>
<testsuite name="util.CsvFileReaderTest" tests="3" skipped="0" failures="0" errors="0" timestamp="2025-03-30T21:36:11" hostname="Saumyas-MBP" time="0.004">
  <properties/>
  <testcase name="testReadEmptyCsvFile()" classname="util.CsvFileReaderTest" time="0.001"/>
  <testcase name="testReadCsvFileWithOnlyHeader()" classname="util.CsvFileReaderTest" time="0.001"/>
  <testcase name="testReadCsvFileSuccessfully()" classname="util.CsvFileReaderTest" time="0.001"/>
  <system-out><![CDATA[]]></system-out>
  <system-err><![CDATA[]]></system-err>
</testsuite>
