<?xml version="1.0" encoding="UTF-8"?>
<testsuite name="concurrentSolution.ConcurrentProcessorTest" tests="12" skipped="0" failures="0" errors="0" timestamp="2025-03-30T21:36:10" hostname="Saumyas-MBP" time="0.291">
  <properties/>
  <testcase name="testPerformanceWithConcurrency()" classname="concurrentSolution.ConcurrentProcessorTest" time="0.114"/>
  <testcase name="testNonExistentCourse()" classname="concurrentSolution.ConcurrentProcessorTest" time="0.004"/>
  <testcase name="testEmptyInputFiles()" classname="concurrentSolution.ConcurrentProcessorTest" time="0.006"/>
  <testcase name="testProducerConsumerInteraction()" classname="concurrentSolution.ConcurrentProcessorTest" time="0.006"/>
  <testcase name="testMultipleConsumers()" classname="concurrentSolution.ConcurrentProcessorTest" time="0.033"/>
  <testcase name="testConcurrentDataAggregation()" classname="concurrentSolution.ConcurrentProcessorTest" time="0.022"/>
  <testcase name="testConcurrencyWithLargeData()" classname="concurrentSolution.ConcurrentProcessorTest" time="0.049"/>
  <testcase name="testQueueFullBehavior()" classname="concurrentSolution.ConcurrentProcessorTest" time="0.012"/>
  <testcase name="testInvalidDataFormat()" classname="concurrentSolution.ConcurrentProcessorTest" time="0.004"/>
  <testcase name="testEqualsAndHashCode()" classname="concurrentSolution.ConcurrentProcessorTest" time="0.006"/>
  <testcase name="testBasicProcessing()" classname="concurrentSolution.ConcurrentProcessorTest" time="0.012"/>
  <testcase name="testConcurrentErrorHandling()" classname="concurrentSolution.ConcurrentProcessorTest" time="0.014"/>
  <system-out><![CDATA[Loading courses...
Starting processing with 8 consumer threads...
Writing summary files...
Processing complete! Check the 'output' directory.
Loading courses...
Starting processing with 8 consumer threads...
Writing summary files...
Processing complete! Check the 'output' directory.
Loading courses...
Starting processing with 8 consumer threads...
Writing summary files...
Processing complete! Check the 'output' directory.
Loading courses...
Starting processing with 8 consumer threads...
Writing summary files...
Processing complete! Check the 'output' directory.
Loading courses...
Starting processing with 8 consumer threads...
Writing summary files...
Processing complete! Check the 'output' directory.
Loading courses...
Starting processing with 8 consumer threads...
Writing summary files...
Processing complete! Check the 'output' directory.
Loading courses...
Starting processing with 8 consumer threads...
Writing summary files...
Processing complete! Check the 'output' directory.
Loading courses...
Starting processing with 8 consumer threads...
Writing summary files...
Processing complete! Check the 'output' directory.
Loading courses...
Starting processing with 8 consumer threads...
Writing summary files...
Processing complete! Check the 'output' directory.
Loading courses...
Starting processing with 8 consumer threads...
Writing summary files...
Processing complete! Check the 'output' directory.
Loading courses...
Starting processing with 8 consumer threads...
Writing summary files...
Processing complete! Check the 'output' directory.
]]></system-out>
  <system-err><![CDATA[Invalid number format in line: AAA,2013J,1,1,invalid,100
Invalid number format in line: AAA,2013J,2,1,-10,invalid
Invalid line format: invalid,data,format
]]></system-err>
</testsuite>
