<?xml version="1.0" encoding="UTF-8"?>
<testsuite name="sequentialSolution.SequentialProcessorTest" tests="6" skipped="0" failures="0" errors="0" timestamp="2025-03-30T21:36:11" hostname="Saumyas-MBP" time="0.025">
  <properties/>
  <testcase name="testEmptyFiles()" classname="sequentialSolution.SequentialProcessorTest" time="0.007"/>
  <testcase name="testConstructorWithInputDirectory()" classname="sequentialSolution.SequentialProcessorTest" time="0.002"/>
  <testcase name="testGetOutputDirectory()" classname="sequentialSolution.SequentialProcessorTest" time="0.002"/>
  <testcase name="testEqualsAndHashCode()" classname="sequentialSolution.SequentialProcessorTest" time="0.001"/>
  <testcase name="testInvalidInput()" classname="sequentialSolution.SequentialProcessorTest" time="0.005"/>
  <testcase name="testBasicProcessing()" classname="sequentialSolution.SequentialProcessorTest" time="0.005"/>
  <system-out><![CDATA[Loading courses...
Processing studentVle data...
Writing summary files...
Processing complete! Check the 'output' directory.
Loading courses...
Processing studentVle data...
Writing summary files...
Processing complete! Check the 'output' directory.
Loading courses...
Processing studentVle data...
Writing summary files...
Processing complete! Check the 'output' directory.
]]></system-out>
  <system-err><![CDATA[Invalid number format in line: AAA,2013J,1,1,invalid,100
Invalid number format in line: AAA,2013J,2,1,-10,invalid
]]></system-err>
</testsuite>
